<?xml version="1.0" encoding="UTF-8"?>
<!-- Generated by org.testng.reporters.JUnitXMLReporter -->
<testsuite ignored="4" hostname="Hemant-Agrawal" failures="0" tests="3" name="Test" time="11.964" errors="0" timestamp="2024-02-26T16:19:36 IST">
  <testcase classname="workpulseapi.AddDeskTicket" name="addnetworkdeskticket" time="6.363"/>
  <testcase classname="workpulseapi.JournalNote" name="addjournalnote" time="2.086"/>
  <testcase classname="workpulseapi.AddBookTask" name="addbooktask" time="3.468"/>
  <testcase classname="baseclass.ExtentReport" name="@BeforeSuite reportGenerate" time="0.0">
    <ignored/>
  </testcase> <!-- @BeforeSuite reportGenerate -->
  <testcase classname="baseclass.ExtentReport" name="@AfterSuite reportflush" time="0.0">
    <ignored/>
  </testcase> <!-- @AfterSuite reportflush -->
  <testcase classname="baseclass.ExtentReport" name="@AfterSuite reportflush" time="0.0">
    <ignored/>
  </testcase> <!-- @AfterSuite reportflush -->
  <testcase classname="baseclass.ExtentReport" name="@BeforeSuite reportGenerate" time="0.0">
    <ignored/>
  </testcase> <!-- @BeforeSuite reportGenerate -->
</testsuite> <!-- Test -->
