<?xml version="1.0" encoding="UTF-8"?>
<!-- Generated by org.testng.reporters.JUnitXMLReporter -->
<testsuite ignored="0" hostname="Hemant-Agrawal" failures="0" tests="3" name="Default test" time="9.893" errors="0" timestamp="2024-03-21T16:54:26 IST">
  <testcase classname="workpulseapi.AddBookTask" name="addbooktask" time="5.278"/>
  <testcase classname="workpulseapi.AddBookTask" name="addlocation" time="1.907"/>
  <testcase classname="workpulseapi.AddBookTask" name="updatebooktaskwithschedule" time="2.653"/>
</testsuite> <!-- Default test -->
