<?xml version="1.0" encoding="UTF-8"?>
<!-- Generated by org.testng.reporters.JUnitXMLReporter -->
<testsuite ignored="0" hostname="Hemant-Agrawal" failures="0" tests="3" name="Default test" time="102.324" errors="0" timestamp="2024-03-06T17:01:20 IST">
  <testcase classname="workpulseapi.AddBookTask" name="addbooktask" time="5.101"/>
  <testcase classname="workpulseapi.AddBookTask" name="addlocation" time="1.742"/>
  <testcase classname="workpulseapi.AddBookTask" name="updatebooktaskwithschedule" time="95.445"/>
</testsuite> <!-- Default test -->
