<?xml version="1.0" encoding="UTF-8"?>
<testng-results ignored="0" total="3" passed="3" failed="0" skipped="0">
  <reporter-output>
  </reporter-output>
  <suite started-at="2024-02-26T16:19:24 IST" name="Suite" finished-at="2024-02-26T16:19:36 IST" duration-ms="11964">
    <groups>
    </groups>
    <test started-at="2024-02-26T16:19:24 IST" name="Test" finished-at="2024-02-26T16:19:36 IST" duration-ms="11964">
      <class name="workpulseapi.AddBookTask">
        <test-method signature="addbooktask()[pri:2, instance:workpulseapi.AddBookTask@3315d2d7]" started-at="2024-02-26T16:19:33 IST" name="addbooktask" finished-at="2024-02-26T16:19:36 IST" duration-ms="3468" status="PASS">
          <reporter-output>
          </reporter-output>
        </test-method> <!-- addbooktask -->
        <test-method is-config="true" signature="getResult(org.testng.ITestResult)[pri:0, instance:workpulseapi.AddBookTask@3315d2d7]" started-at="2024-02-26T16:19:36 IST" name="getResult" finished-at="2024-02-26T16:19:36 IST" duration-ms="2" status="PASS">
          <params>
            <param index="0">
              <value>
                <![CDATA[[TestResult name=addbooktask status=SUCCESS method=AddBookTask.addbooktask()[pri:2, instance:workpulseapi.AddBookTask@3315d2d7] output={null}]]]>
              </value>
            </param>
          </params>
          <reporter-output>
          </reporter-output>
        </test-method> <!-- getResult -->
      </class> <!-- workpulseapi.AddBookTask -->
      <class name="workpulseapi.JournalNote">
        <test-method signature="addjournalnote()[pri:2, instance:workpulseapi.JournalNote@29647f75]" started-at="2024-02-26T16:19:31 IST" name="addjournalnote" finished-at="2024-02-26T16:19:33 IST" duration-ms="2086" status="PASS">
          <reporter-output>
          </reporter-output>
        </test-method> <!-- addjournalnote -->
        <test-method is-config="true" signature="getResult(org.testng.ITestResult)[pri:0, instance:workpulseapi.JournalNote@29647f75]" started-at="2024-02-26T16:19:33 IST" name="getResult" finished-at="2024-02-26T16:19:33 IST" duration-ms="1" status="PASS">
          <params>
            <param index="0">
              <value>
                <![CDATA[[TestResult name=addjournalnote status=SUCCESS method=JournalNote.addjournalnote()[pri:2, instance:workpulseapi.JournalNote@29647f75] output={null}]]]>
              </value>
            </param>
          </params>
          <reporter-output>
          </reporter-output>
        </test-method> <!-- getResult -->
      </class> <!-- workpulseapi.JournalNote -->
      <class name="workpulseapi.AddDeskTicket">
        <test-method is-config="true" signature="reportGenerate()[pri:0, instance:workpulseapi.AddDeskTicket@5939a379]" started-at="2024-02-26T16:19:24 IST" name="reportGenerate" finished-at="2024-02-26T16:19:24 IST" duration-ms="368" status="PASS">
          <reporter-output>
          </reporter-output>
        </test-method> <!-- reportGenerate -->
        <test-method signature="addnetworkdeskticket()[pri:2, instance:workpulseapi.AddDeskTicket@5939a379]" started-at="2024-02-26T16:19:24 IST" name="addnetworkdeskticket" finished-at="2024-02-26T16:19:31 IST" duration-ms="6363" status="PASS">
          <reporter-output>
          </reporter-output>
        </test-method> <!-- addnetworkdeskticket -->
        <test-method is-config="true" signature="getResult(org.testng.ITestResult)[pri:0, instance:workpulseapi.AddDeskTicket@5939a379]" started-at="2024-02-26T16:19:31 IST" name="getResult" finished-at="2024-02-26T16:19:31 IST" duration-ms="3" status="PASS">
          <params>
            <param index="0">
              <value>
                <![CDATA[[TestResult name=addnetworkdeskticket status=SUCCESS method=AddDeskTicket.addnetworkdeskticket()[pri:2, instance:workpulseapi.AddDeskTicket@5939a379] output={null}]]]>
              </value>
            </param>
          </params>
          <reporter-output>
          </reporter-output>
        </test-method> <!-- getResult -->
        <test-method is-config="true" signature="reportflush()[pri:0, instance:workpulseapi.AddDeskTicket@5939a379]" started-at="2024-02-26T16:19:36 IST" name="reportflush" finished-at="2024-02-26T16:19:37 IST" duration-ms="344" status="PASS">
          <reporter-output>
          </reporter-output>
        </test-method> <!-- reportflush -->
      </class> <!-- workpulseapi.AddDeskTicket -->
    </test> <!-- Test -->
  </suite> <!-- Suite -->
</testng-results>
