<?xml version="1.0" encoding="UTF-8"?>
<testng-results ignored="0" total="1" passed="1" failed="0" skipped="0">
  <reporter-output>
  </reporter-output>
  <suite started-at="2024-02-29T17:18:20 IST" name="Default suite" finished-at="2024-02-29T17:18:25 IST" duration-ms="4213">
    <groups>
    </groups>
    <test started-at="2024-02-29T17:18:20 IST" name="Default test" finished-at="2024-02-29T17:18:25 IST" duration-ms="4213">
      <class name="workpulseapi.JournalNote">
        <test-method is-config="true" signature="reportGenerate()[pri:0, instance:workpulseapi.JournalNote@1bb266b3]" started-at="2024-02-29T17:18:20 IST" name="reportGenerate" finished-at="2024-02-29T17:18:20 IST" duration-ms="206" status="PASS">
          <reporter-output>
          </reporter-output>
        </test-method> <!-- reportGenerate -->
        <test-method signature="addjournalnote()[pri:2, instance:workpulseapi.JournalNote@1bb266b3]" started-at="2024-02-29T17:18:20 IST" name="addjournalnote" finished-at="2024-02-29T17:18:25 IST" duration-ms="4178" status="PASS">
          <reporter-output>
          </reporter-output>
        </test-method> <!-- addjournalnote -->
        <test-method is-config="true" signature="getResult(org.testng.ITestResult)[pri:0, instance:workpulseapi.JournalNote@1bb266b3]" started-at="2024-02-29T17:18:25 IST" name="getResult" finished-at="2024-02-29T17:18:25 IST" duration-ms="4" status="PASS">
          <params>
            <param index="0">
              <value>
                <![CDATA[[TestResult name=addjournalnote status=SUCCESS method=JournalNote.addjournalnote()[pri:2, instance:workpulseapi.JournalNote@1bb266b3] output={null}]]]>
              </value>
            </param>
          </params>
          <reporter-output>
          </reporter-output>
        </test-method> <!-- getResult -->
        <test-method is-config="true" signature="reportflush()[pri:0, instance:workpulseapi.JournalNote@1bb266b3]" started-at="2024-02-29T17:18:25 IST" name="reportflush" finished-at="2024-02-29T17:18:25 IST" duration-ms="247" status="PASS">
          <reporter-output>
          </reporter-output>
        </test-method> <!-- reportflush -->
      </class> <!-- workpulseapi.JournalNote -->
    </test> <!-- Default test -->
  </suite> <!-- Default suite -->
</testng-results>
